Arguments: 
  /usr/local/bin/node /usr/local/bin/yarn install

PATH: 
  /usr/local/bin:/usr/bin:/bin:/usr/sbin:/sbin:/opt/X11/bin:/usr/local/aria2/bin

Yarn version: 
  0.18.1

Node version: 
  6.2.0

Platform: 
  darwin x64

npm manifest: 
  {
    "name": "ebp-diagram",
    "version": "1.0.0",
    "description": "A flexible diagram generator for ebp platform.",
    "main": "index.js",
    "keywords": [
      "ebp",
      "diagram",
      "generator"
    ],
    "scripts": {
      "start": "cross-env NODE_ENV=development nodemon",
      "build": "cross-env NODE_ENV=production webpack --config server.config.js"
    },
    "repository": {
      "type": "git",
      "url": "git+https://github.com/shiningyao/ebp-diagram.git"
    },
    "author": "yaoshining",
    "license": "ISC",
    "bugs": {
      "url": "https://github.com/shiningyao/ebp-diagram/issues"
    },
    "homepage": "https://github.com/shiningyao/ebp-diagram#readme",
    "devDependencies": {
      "@types/angular": "^1.5.22",
      "@types/core-js": "^0.9.35",
      "autoprefixer": "^6.6.0",
      "body-parser": "^1.15.2",
      "clean-webpack-plugin": "^0.1.14",
      "cross-env": "^3.1.3",
      "css-loader": "^0.26.1",
      "ejs": "^2.5.5",
      "expose-loader": "^0.7.1",
      "express": "^4.14.0",
      "extract-text-webpack-plugin": "^2.0.0-beta.4",
      "html-webpack-plugin": "^2.24.1",
      "node-sass": "^4.1.1",
      "postcss-loader": "^1.2.1",
      "pug": "^2.0.0-beta6",
      "sass-loader": "^4.1.1",
      "style-loader": "^0.13.1",
      "ts-loader": "^1.3.3",
      "typescript": "^2.1.4",
      "webpack": "^2.2.0-rc.3",
      "webpack-dev-middleware": "^1.9.0",
      "webpack-hot-middleware": "^2.14.0",
      "webpack-merge": "^2.0.0"
    },
    "dependencies": {
      "angular": "^1.3.20"
    }
  }

yarn manifest: 
  No manifest

Lockfile: 
  No lockfile

Trace: 
  Error: EEXIST: file already exists, mkdir '/Users/yaoshining/Workspaces/WebstormProjects/ebp-diagram/node_modules/camelcase-keys'
      at Error (native)
